[Sat/05/16 12:06] === HolmesKit session started === 
[Sat/05/16 12:06] Attempting to create system restore point 
[Sat/05/16 12:06] Restore point created successfully 
[Sat/05/16 12:07] === HolmesKit session started === 
[Sat/05/16 12:07] Default power schemes restored 
[Sat/05/16 12:07] Registry backups complete 
[Sat/05/16 12:08] Disabling hibernation 
[Sat/05/16 12:08] Hibernation disabled 
[Sat/05/16 12:10] === HolmesKit session started === 
[Sat/05/16 12:13] === HolmesKit session started === 
[Sat/05/16 12:13] === HolmesKit session started === 
[Sat/05/16 12:16] === HolmesKit session started === 
[Sat/05/16 12:17] Creating registry backups in C:\Users\sahay\Documents\CS Work\holmes-kit\HolmesKit_Backups\latest 
[Sat/05/16 12:17] Registry backups complete 
[Sat/05/16 12:17] Disabling hibernation 
[Sat/05/16 12:17] Hibernation disabled 
[Sat/05/16 12:17] Restore point creation failed 
[Sat/05/16 12:18] === HolmesKit session started === 
[Sat/05/16 12:18] === HolmesKit session started === 
[Sat/05/16 02:36] === HolmesKit session started === 
[Sat/05/16 02:36] Opened System Protection window for user 
[Sat/05/16 02:37] === HolmesKit session started === 
[Sat/05/16 02:45] === HolmesKit session started === 
[Sat/05/16 02:45] === HolmesKit session started === 
